[16:23:09] [Server thread/INFO]: Starting minecraft server version 1.8.8
[16:23:09] [Server thread/INFO]: Loading properties
[16:23:09] [Server thread/INFO]: Default game type: SURVIVAL
[16:23:10] [Server thread/INFO]: This server is running CraftBukkit version git-Spigot-db6de12-07c3001 (MC: 1.8.8) (Implementing API version 1.8.8-R0.1-SNAPSHOT)
[16:23:10] [Server thread/INFO]: Debug logging is disabled
[16:23:10] [Server thread/INFO]: Server Ping Player Sample Count: 12
[16:23:10] [Server thread/INFO]: Using 4 threads for Netty based IO
[16:23:10] [Server thread/INFO]: Generating keypair
[16:23:10] [Server thread/INFO]: Starting Minecraft server on *:25565
[16:23:10] [Server thread/INFO]: Using default channel type
[16:23:10] [Server thread/INFO]: Set PluginClassLoader as parallel capable
[16:23:10] [Server thread/INFO]: [TestPlugin] Loading TestPlugin v1
[16:23:10] [Server thread/INFO]: **** Beginning UUID conversion, this may take A LONG time ****
[16:23:10] [Server thread/INFO]: Preparing level "world"
[16:23:10] [Server thread/INFO]: -------- World Settings For [world] --------
[16:23:10] [Server thread/INFO]: Experience Merge Radius: 3.0
[16:23:10] [Server thread/INFO]: Chunks to Grow per Tick: 650
[16:23:10] [Server thread/INFO]: Clear tick list: false
[16:23:10] [Server thread/INFO]: View Distance: 10
[16:23:10] [Server thread/INFO]: Anti X-Ray: true
[16:23:10] [Server thread/INFO]: 	Engine Mode: 1
[16:23:10] [Server thread/INFO]: 	Hidden Blocks: [14, 15, 16, 21, 48, 49, 54, 56, 73, 74, 82, 129, 130]
[16:23:10] [Server thread/INFO]: 	Replace Blocks: [1, 5]
[16:23:10] [Server thread/INFO]: Mob Spawn Range: 4
[16:23:10] [Server thread/INFO]: Nerfing mobs spawned from spawners: false
[16:23:10] [Server thread/INFO]: Cactus Growth Modifier: 100%
[16:23:10] [Server thread/INFO]: Cane Growth Modifier: 100%
[16:23:10] [Server thread/INFO]: Melon Growth Modifier: 100%
[16:23:10] [Server thread/INFO]: Mushroom Growth Modifier: 100%
[16:23:10] [Server thread/INFO]: Pumpkin Growth Modifier: 100%
[16:23:10] [Server thread/INFO]: Sapling Growth Modifier: 100%
[16:23:10] [Server thread/INFO]: Wheat Growth Modifier: 100%
[16:23:10] [Server thread/INFO]: NetherWart Growth Modifier: 100%
[16:23:10] [Server thread/INFO]: Entity Activation Range: An 32 / Mo 32 / Mi 16
[16:23:10] [Server thread/INFO]: Entity Tracking Range: Pl 48 / An 48 / Mo 48 / Mi 32 / Other 64
[16:23:10] [Server thread/INFO]: Hopper Transfer: 8 Hopper Check: 8 Hopper Amount: 1
[16:23:10] [Server thread/INFO]: Random Lighting Updates: false
[16:23:10] [Server thread/INFO]: Structure Info Saving: true
[16:23:10] [Server thread/INFO]: Sending up to 10 chunks per packet
[16:23:10] [Server thread/INFO]: Max Entity Collisions: 8
[16:23:10] [Server thread/INFO]: Custom Map Seeds:  Village: 10387312 Feature: 14357617
[16:23:10] [Server thread/INFO]: Max TNT Explosions: 100
[16:23:10] [Server thread/INFO]: Tile Max Tick Time: 50ms Entity max Tick Time: 50ms
[16:23:10] [Server thread/INFO]: Arrow Despawn Rate: 1200
[16:23:10] [Server thread/INFO]: Item Despawn Rate: 6000
[16:23:10] [Server thread/INFO]: Item Merge Radius: 2.5
[16:23:10] [Server thread/INFO]: Zombie Aggressive Towards Villager: true
[16:23:10] [Server thread/INFO]: Allow Zombie Pigmen to spawn from portal blocks: true
[16:23:10] [Server thread/INFO]: -------- World Settings For [world_nether] --------
[16:23:10] [Server thread/INFO]: Experience Merge Radius: 3.0
[16:23:10] [Server thread/INFO]: Chunks to Grow per Tick: 650
[16:23:10] [Server thread/INFO]: Clear tick list: false
[16:23:10] [Server thread/INFO]: View Distance: 10
[16:23:10] [Server thread/INFO]: Anti X-Ray: true
[16:23:10] [Server thread/INFO]: 	Engine Mode: 1
[16:23:10] [Server thread/INFO]: 	Hidden Blocks: [14, 15, 16, 21, 48, 49, 54, 56, 73, 74, 82, 129, 130]
[16:23:10] [Server thread/INFO]: 	Replace Blocks: [1, 5]
[16:23:10] [Server thread/INFO]: Mob Spawn Range: 4
[16:23:10] [Server thread/INFO]: Nerfing mobs spawned from spawners: false
[16:23:10] [Server thread/INFO]: Cactus Growth Modifier: 100%
[16:23:10] [Server thread/INFO]: Cane Growth Modifier: 100%
[16:23:10] [Server thread/INFO]: Melon Growth Modifier: 100%
[16:23:10] [Server thread/INFO]: Mushroom Growth Modifier: 100%
[16:23:10] [Server thread/INFO]: Pumpkin Growth Modifier: 100%
[16:23:10] [Server thread/INFO]: Sapling Growth Modifier: 100%
[16:23:10] [Server thread/INFO]: Wheat Growth Modifier: 100%
[16:23:10] [Server thread/INFO]: NetherWart Growth Modifier: 100%
[16:23:10] [Server thread/INFO]: Entity Activation Range: An 32 / Mo 32 / Mi 16
[16:23:10] [Server thread/INFO]: Entity Tracking Range: Pl 48 / An 48 / Mo 48 / Mi 32 / Other 64
[16:23:10] [Server thread/INFO]: Hopper Transfer: 8 Hopper Check: 8 Hopper Amount: 1
[16:23:10] [Server thread/INFO]: Random Lighting Updates: false
[16:23:10] [Server thread/INFO]: Structure Info Saving: true
[16:23:10] [Server thread/INFO]: Sending up to 10 chunks per packet
[16:23:10] [Server thread/INFO]: Max Entity Collisions: 8
[16:23:10] [Server thread/INFO]: Custom Map Seeds:  Village: 10387312 Feature: 14357617
[16:23:10] [Server thread/INFO]: Max TNT Explosions: 100
[16:23:10] [Server thread/INFO]: Tile Max Tick Time: 50ms Entity max Tick Time: 50ms
[16:23:10] [Server thread/INFO]: Arrow Despawn Rate: 1200
[16:23:10] [Server thread/INFO]: Item Despawn Rate: 6000
[16:23:10] [Server thread/INFO]: Item Merge Radius: 2.5
[16:23:10] [Server thread/INFO]: Zombie Aggressive Towards Villager: true
[16:23:10] [Server thread/INFO]: Allow Zombie Pigmen to spawn from portal blocks: true
[16:23:10] [Server thread/INFO]: -------- World Settings For [world_the_end] --------
[16:23:10] [Server thread/INFO]: Experience Merge Radius: 3.0
[16:23:10] [Server thread/INFO]: Chunks to Grow per Tick: 650
[16:23:10] [Server thread/INFO]: Clear tick list: false
[16:23:10] [Server thread/INFO]: View Distance: 10
[16:23:10] [Server thread/INFO]: Anti X-Ray: true
[16:23:10] [Server thread/INFO]: 	Engine Mode: 1
[16:23:10] [Server thread/INFO]: 	Hidden Blocks: [14, 15, 16, 21, 48, 49, 54, 56, 73, 74, 82, 129, 130]
[16:23:10] [Server thread/INFO]: 	Replace Blocks: [1, 5]
[16:23:10] [Server thread/INFO]: Mob Spawn Range: 4
[16:23:10] [Server thread/INFO]: Nerfing mobs spawned from spawners: false
[16:23:10] [Server thread/INFO]: Cactus Growth Modifier: 100%
[16:23:10] [Server thread/INFO]: Cane Growth Modifier: 100%
[16:23:10] [Server thread/INFO]: Melon Growth Modifier: 100%
[16:23:10] [Server thread/INFO]: Mushroom Growth Modifier: 100%
[16:23:10] [Server thread/INFO]: Pumpkin Growth Modifier: 100%
[16:23:10] [Server thread/INFO]: Sapling Growth Modifier: 100%
[16:23:10] [Server thread/INFO]: Wheat Growth Modifier: 100%
[16:23:10] [Server thread/INFO]: NetherWart Growth Modifier: 100%
[16:23:10] [Server thread/INFO]: Entity Activation Range: An 32 / Mo 32 / Mi 16
[16:23:10] [Server thread/INFO]: Entity Tracking Range: Pl 48 / An 48 / Mo 48 / Mi 32 / Other 64
[16:23:10] [Server thread/INFO]: Hopper Transfer: 8 Hopper Check: 8 Hopper Amount: 1
[16:23:10] [Server thread/INFO]: Random Lighting Updates: false
[16:23:10] [Server thread/INFO]: Structure Info Saving: true
[16:23:10] [Server thread/INFO]: Sending up to 10 chunks per packet
[16:23:10] [Server thread/INFO]: Max Entity Collisions: 8
[16:23:10] [Server thread/INFO]: Custom Map Seeds:  Village: 10387312 Feature: 14357617
[16:23:10] [Server thread/INFO]: Max TNT Explosions: 100
[16:23:10] [Server thread/INFO]: Tile Max Tick Time: 50ms Entity max Tick Time: 50ms
[16:23:10] [Server thread/INFO]: Arrow Despawn Rate: 1200
[16:23:10] [Server thread/INFO]: Item Despawn Rate: 6000
[16:23:10] [Server thread/INFO]: Item Merge Radius: 2.5
[16:23:10] [Server thread/INFO]: Zombie Aggressive Towards Villager: true
[16:23:10] [Server thread/INFO]: Allow Zombie Pigmen to spawn from portal blocks: true
[16:23:10] [Server thread/INFO]: Preparing start region for level 0 (Seed: -4909529807699452610)
[16:23:11] [Server thread/INFO]: Preparing start region for level 1 (Seed: -4909529807699452610)
[16:23:11] [Server thread/INFO]: Preparing start region for level 2 (Seed: -4909529807699452610)
[16:23:11] [Server thread/INFO]: [TestPlugin] Enabling TestPlugin v1
[16:23:11] [Server thread/INFO]: TestPlugin has been enabled (V.1)
[16:23:11] [Server thread/INFO]: Server permissions file permissions.yml is empty, ignoring it
[16:23:11] [Server thread/INFO]: Done (1.385s)! For help, type "help" or "?"
[16:23:32] [User Authenticator #1/INFO]: UUID of player GhostHunter92 is 7c3e835f-758f-4c9e-9acc-1105505c8526
[16:23:32] [Server thread/INFO]: GhostHunter92[/127.0.0.1:59308] logged in with entity id 106 at ([world]475.1093710965021, 72.0, -173.13638989339512)
[16:23:44] [User Authenticator #2/INFO]: UUID of player StabilBro is 11167c79-ad91-4932-8346-553b59e78d00
[16:23:44] [Server thread/INFO]: StabilBro[/172.20.10.6:52813] logged in with entity id 113 at ([world]477.6315568635073, 72.0, -174.04580689487932)
[16:24:18] [Server thread/INFO]: GhostHunter92 lost connection: Disconnected
[16:24:18] [Server thread/INFO]: GhostHunter92 left the game.
[16:24:24] [Server thread/INFO]: Stopping the server
[16:24:24] [Server thread/INFO]: Stopping server
[16:24:24] [Server thread/INFO]: [TestPlugin] Disabling TestPlugin v1
[16:24:24] [Server thread/INFO]: TestPlugin has been disabled (V.1)
[16:24:24] [Server thread/INFO]: Saving players
[16:24:24] [Server thread/INFO]: StabilBro lost connection: Server closed
[16:24:24] [Server thread/INFO]: StabilBro left the game.
[16:24:24] [Server thread/INFO]: Saving worlds
[16:24:24] [Server thread/INFO]: Saving chunks for level 'world'/Overworld
[16:24:24] [Server thread/INFO]: Saving chunks for level 'world_nether'/Nether
[16:24:24] [Server thread/INFO]: Saving chunks for level 'world_the_end'/The End
